0 info it worked if it ends with ok
1 verbose cli [ '/usr/local/bin/node', '/usr/local/bin/npm', 'link' ]
2 info using npm@3.3.12
3 info using node@v5.5.0
4 verbose linkPkg /Users/joatin/GitHub/generator-seed-angular2
5 verbose stack Error: Package must have a name field to be linked
5 verbose stack     at /usr/local/lib/node_modules/npm/lib/link.js:144:12
5 verbose stack     at /usr/local/lib/node_modules/npm/node_modules/read-package-json/read-json.js:345:5
5 verbose stack     at checkBinReferences_ (/usr/local/lib/node_modules/npm/node_modules/read-package-json/read-json.js:309:45)
5 verbose stack     at final (/usr/local/lib/node_modules/npm/node_modules/read-package-json/read-json.js:343:3)
5 verbose stack     at then (/usr/local/lib/node_modules/npm/node_modules/read-package-json/read-json.js:113:5)
5 verbose stack     at /usr/local/lib/node_modules/npm/node_modules/read-package-json/read-json.js:300:12
5 verbose stack     at /usr/local/lib/node_modules/npm/node_modules/graceful-fs/graceful-fs.js:76:16
5 verbose stack     at tryToString (fs.js:414:3)
5 verbose stack     at FSReqWrap.readFileAfterClose [as oncomplete] (fs.js:401:12)
6 verbose cwd /Users/joatin/GitHub/generator-seed-angular2
7 error Darwin 15.2.0
8 error argv "/usr/local/bin/node" "/usr/local/bin/npm" "link"
9 error node v5.5.0
10 error npm  v3.3.12
11 error Package must have a name field to be linked
12 error If you need help, you may report this error at:
12 error     <https://github.com/npm/npm/issues>
13 verbose exit [ 1, true ]
